<?xml version="1.0" encoding="UTF-8"?>
<!-- Generated by org.testng.reporters.JUnitReportReporter -->
<testsuite hostname="DESKTOP-Q6UCOPF" failures="0" tests="1" name="TestCases.com_testcase_wait" time="16.716" errors="0" timestamp="2025-04-12T08:29:46 IST" skipped="0">
  <testcase classname="TestCases.com_testcase_wait" name="enterContactInformation" time="16.716"/>
</testsuite> <!-- TestCases.com_testcase_wait -->
