<?xml version="1.0" encoding="UTF-8"?>
<!-- Generated by org.testng.reporters.JUnitReportReporter -->
<testsuite hostname="DESKTOP-Q6UCOPF" failures="0" tests="1" name="TestCases.com_testcase_datatble" time="0.101" errors="0" timestamp="2025-04-12T08:29:46 IST" skipped="0">
  <testcase classname="TestCases.com_testcase_datatble" name="enterContactInformation" time="0.101"/>
</testsuite> <!-- TestCases.com_testcase_datatble -->
