<?xml version="1.0" encoding="UTF-8"?>
<!-- Generated by org.testng.reporters.JUnitReportReporter -->
<testsuite hostname="DESKTOP-Q8QMA40" failures="0" tests="1" name="API_TestCases.com_API_testcase_createUser" time="5.946" errors="0" timestamp="2025-04-20T09:29:12 IST" skipped="0">
  <testcase classname="API_TestCases.com_API_testcase_createUser" name="enterContactInformation" time="5.946"/>
</testsuite> <!-- API_TestCases.com_API_testcase_createUser -->
