<?xml version="1.0" encoding="UTF-8"?>
<!-- Generated by org.testng.reporters.JUnitReportReporter -->
<testsuite hostname="DESKTOP-Q6UCOPF" failures="0" tests="1" name="TestCases.useCase1_createUser" time="8.528" errors="0" timestamp="2025-02-16T22:18:29 IST" skipped="0">
  <testcase classname="TestCases.useCase1_createUser" name="enterUserInformation" time="8.528"/>
</testsuite> <!-- TestCases.useCase1_createUser -->
