<?xml version="1.0" encoding="UTF-8"?>
<!-- Generated by org.testng.reporters.JUnitReportReporter -->
<testsuite hostname="DESKTOP-Q8QMA40" failures="0" tests="2" name="TestCases.com_testcase_registerpage" time="2.091" errors="0" timestamp="2025-03-08T07:54:26 IST" skipped="0">
  <testcase classname="TestCases.com_testcase_registerpage" name="enterContactInformation" time="1.867"/>
  <testcase classname="TestCases.com_testcase_registerpage" name="enterMailingInformation" time="0.224"/>
</testsuite> <!-- TestCases.com_testcase_registerpage -->
